<?xml version="1.0" encoding="UTF-8"?>
<TestRun id="3a7a72a2-d0b9-44a7-ad7e-7046555d3cad" name="edrih@DESKTOP-5PTD0NC 2018-12-02 14:36:06" runUser="DESKTOP-5PTD0NC\edrih" xmlns="http://microsoft.com/schemas/VisualStudio/TeamTest/2010">
  <TestSettings name="Default Test Settings" id="ae97bd6a-9201-4a19-888b-0752c316238a">
    <Execution>
      <TestTypeSpecific />
      <AgentRule name="Execution Agents">
      </AgentRule>
    </Execution>
    <Deployment runDeploymentRoot="edrih_DESKTOP-5PTD0NC 2018-12-02 14_36_06" />
    <Properties />
  </TestSettings>
  <Times creation="2018-12-02T14:36:06.0499336+02:00" queuing="2018-12-02T14:36:06.4947196+02:00" start="2018-12-02T14:36:06.5765135+02:00" finish="2018-12-02T14:36:07.2582286+02:00" />
  <ResultSummary outcome="Warning">
    <Counters total="5" executed="5" passed="5" error="0" failed="0" timeout="0" aborted="0" inconclusive="0" passedButRunAborted="0" notRunnable="0" notExecuted="0" disconnected="0" warning="0" completed="0" inProgress="0" pending="0" />
    <RunInfos>
      <RunInfo computerName="DESKTOP-5PTD0NC" outcome="Warning" timestamp="2018-12-02T14:36:06.3770663+02:00">
        <Text>Warning: Test Run deployment issue: The assembly or module 'WebGrease' directly or indirectly referenced by the test container 'D:\c-sharp-mvc4api-unit-test-example-project\mvcapplicationtest.tests\bin\debug\mvcapplicationtest.tests.dll' was not found.</Text>
      </RunInfo>
    </RunInfos>
  </ResultSummary>
  <TestDefinitions>
    <UnitTest name="Delete" storage="mvcapplicationtest.tests\bin\debug\mvcapplicationtest.tests.dll" id="5daee9c3-353f-5dd4-51c3-0e5f527edcf9">
      <Execution id="95738b5e-e573-46f8-8f5b-ab9839fe0dde" />
      <TestMethod codeBase="D:/c-sharp-mvc4api-unit-test-example-project/MvcApplicationTest.Tests/bin/Debug/MvcApplicationTest.Tests.DLL" adapterTypeName="Microsoft.VisualStudio.TestTools.TestTypes.Unit.UnitTestAdapter, Microsoft.VisualStudio.QualityTools.Tips.UnitTest.Adapter, Version=15.0.0.0, Culture=neutral, PublicKeyToken=b03f5f7f11d50a3a" className="MvcApplicationTest.Tests.Controllers.ValuesControllerTest, MvcApplicationTest.Tests, Version=1.0.0.0, Culture=neutral, PublicKeyToken=null" name="Delete" />
    </UnitTest>
    <UnitTest name="Put" storage="mvcapplicationtest.tests\bin\debug\mvcapplicationtest.tests.dll" id="4e93a872-32dc-b627-cd95-4a2792bad3f0">
      <Execution id="2ec444c2-85c4-439c-a25b-036be8d26a20" />
      <TestMethod codeBase="D:/c-sharp-mvc4api-unit-test-example-project/MvcApplicationTest.Tests/bin/Debug/MvcApplicationTest.Tests.DLL" adapterTypeName="Microsoft.VisualStudio.TestTools.TestTypes.Unit.UnitTestAdapter, Microsoft.VisualStudio.QualityTools.Tips.UnitTest.Adapter, Version=15.0.0.0, Culture=neutral, PublicKeyToken=b03f5f7f11d50a3a" className="MvcApplicationTest.Tests.Controllers.ValuesControllerTest, MvcApplicationTest.Tests, Version=1.0.0.0, Culture=neutral, PublicKeyToken=null" name="Put" />
    </UnitTest>
    <UnitTest name="Post" storage="mvcapplicationtest.tests\bin\debug\mvcapplicationtest.tests.dll" id="1bf27a65-d97a-44ae-dd3c-0f2a5b7d7cd6">
      <Execution id="3abc797a-69fb-4f06-bb54-f9566f7ad027" />
      <TestMethod codeBase="D:/c-sharp-mvc4api-unit-test-example-project/MvcApplicationTest.Tests/bin/Debug/MvcApplicationTest.Tests.DLL" adapterTypeName="Microsoft.VisualStudio.TestTools.TestTypes.Unit.UnitTestAdapter, Microsoft.VisualStudio.QualityTools.Tips.UnitTest.Adapter, Version=15.0.0.0, Culture=neutral, PublicKeyToken=b03f5f7f11d50a3a" className="MvcApplicationTest.Tests.Controllers.ValuesControllerTest, MvcApplicationTest.Tests, Version=1.0.0.0, Culture=neutral, PublicKeyToken=null" name="Post" />
    </UnitTest>
    <UnitTest name="GetById" storage="mvcapplicationtest.tests\bin\debug\mvcapplicationtest.tests.dll" id="17538339-ede9-9fc1-d303-3baf1ab34e8b">
      <Execution id="9c3cc151-055e-43c9-8525-122c75a9681f" />
      <TestMethod codeBase="D:/c-sharp-mvc4api-unit-test-example-project/MvcApplicationTest.Tests/bin/Debug/MvcApplicationTest.Tests.DLL" adapterTypeName="Microsoft.VisualStudio.TestTools.TestTypes.Unit.UnitTestAdapter, Microsoft.VisualStudio.QualityTools.Tips.UnitTest.Adapter, Version=15.0.0.0, Culture=neutral, PublicKeyToken=b03f5f7f11d50a3a" className="MvcApplicationTest.Tests.Controllers.ValuesControllerTest, MvcApplicationTest.Tests, Version=1.0.0.0, Culture=neutral, PublicKeyToken=null" name="GetById" />
    </UnitTest>
    <UnitTest name="Get" storage="mvcapplicationtest.tests\bin\debug\mvcapplicationtest.tests.dll" id="7d309fc5-8cac-dc6c-4700-ae39ad65fff1">
      <Execution id="65de6486-72c3-498d-ad9a-756618715474" />
      <TestMethod codeBase="D:/c-sharp-mvc4api-unit-test-example-project/MvcApplicationTest.Tests/bin/Debug/MvcApplicationTest.Tests.DLL" adapterTypeName="Microsoft.VisualStudio.TestTools.TestTypes.Unit.UnitTestAdapter, Microsoft.VisualStudio.QualityTools.Tips.UnitTest.Adapter, Version=15.0.0.0, Culture=neutral, PublicKeyToken=b03f5f7f11d50a3a" className="MvcApplicationTest.Tests.Controllers.ValuesControllerTest, MvcApplicationTest.Tests, Version=1.0.0.0, Culture=neutral, PublicKeyToken=null" name="Get" />
    </UnitTest>
  </TestDefinitions>
  <TestLists>
    <TestList name="Results Not in a List" id="8c84fa94-04c1-424b-9868-57a2d4851a1d" />
    <TestList name="All Loaded Results" id="19431567-8539-422a-85d7-44ee4e166bda" />
  </TestLists>
  <TestEntries>
    <TestEntry testId="5daee9c3-353f-5dd4-51c3-0e5f527edcf9" executionId="95738b5e-e573-46f8-8f5b-ab9839fe0dde" testListId="8c84fa94-04c1-424b-9868-57a2d4851a1d" />
    <TestEntry testId="7d309fc5-8cac-dc6c-4700-ae39ad65fff1" executionId="65de6486-72c3-498d-ad9a-756618715474" testListId="8c84fa94-04c1-424b-9868-57a2d4851a1d" />
    <TestEntry testId="17538339-ede9-9fc1-d303-3baf1ab34e8b" executionId="9c3cc151-055e-43c9-8525-122c75a9681f" testListId="8c84fa94-04c1-424b-9868-57a2d4851a1d" />
    <TestEntry testId="1bf27a65-d97a-44ae-dd3c-0f2a5b7d7cd6" executionId="3abc797a-69fb-4f06-bb54-f9566f7ad027" testListId="8c84fa94-04c1-424b-9868-57a2d4851a1d" />
    <TestEntry testId="4e93a872-32dc-b627-cd95-4a2792bad3f0" executionId="2ec444c2-85c4-439c-a25b-036be8d26a20" testListId="8c84fa94-04c1-424b-9868-57a2d4851a1d" />
  </TestEntries>
  <Results>
    <UnitTestResult executionId="95738b5e-e573-46f8-8f5b-ab9839fe0dde" testId="5daee9c3-353f-5dd4-51c3-0e5f527edcf9" testName="Delete" computerName="DESKTOP-5PTD0NC" duration="00:00:00.0887462" startTime="2018-12-02T14:36:06.7057038+02:00" endTime="2018-12-02T14:36:07.1664747+02:00" testType="13cdc9d9-ddb5-4fa4-a97d-d965ccfc6d4b" outcome="Passed" testListId="8c84fa94-04c1-424b-9868-57a2d4851a1d" relativeResultsDirectory="95738b5e-e573-46f8-8f5b-ab9839fe0dde">
    </UnitTestResult>
    <UnitTestResult executionId="65de6486-72c3-498d-ad9a-756618715474" testId="7d309fc5-8cac-dc6c-4700-ae39ad65fff1" testName="Get" computerName="DESKTOP-5PTD0NC" duration="00:00:00.0010133" startTime="2018-12-02T14:36:07.1744522+02:00" endTime="2018-12-02T14:36:07.1774713+02:00" testType="13cdc9d9-ddb5-4fa4-a97d-d965ccfc6d4b" outcome="Passed" testListId="8c84fa94-04c1-424b-9868-57a2d4851a1d" relativeResultsDirectory="65de6486-72c3-498d-ad9a-756618715474">
    </UnitTestResult>
    <UnitTestResult executionId="9c3cc151-055e-43c9-8525-122c75a9681f" testId="17538339-ede9-9fc1-d303-3baf1ab34e8b" testName="GetById" computerName="DESKTOP-5PTD0NC" duration="00:00:00.0004839" startTime="2018-12-02T14:36:07.1864435+02:00" endTime="2018-12-02T14:36:07.1894116+02:00" testType="13cdc9d9-ddb5-4fa4-a97d-d965ccfc6d4b" outcome="Passed" testListId="8c84fa94-04c1-424b-9868-57a2d4851a1d" relativeResultsDirectory="9c3cc151-055e-43c9-8525-122c75a9681f">
    </UnitTestResult>
    <UnitTestResult executionId="3abc797a-69fb-4f06-bb54-f9566f7ad027" testId="1bf27a65-d97a-44ae-dd3c-0f2a5b7d7cd6" testName="Post" computerName="DESKTOP-5PTD0NC" duration="00:00:00.0002374" startTime="2018-12-02T14:36:07.1963947+02:00" endTime="2018-12-02T14:36:07.1983878+02:00" testType="13cdc9d9-ddb5-4fa4-a97d-d965ccfc6d4b" outcome="Passed" testListId="8c84fa94-04c1-424b-9868-57a2d4851a1d" relativeResultsDirectory="3abc797a-69fb-4f06-bb54-f9566f7ad027">
    </UnitTestResult>
    <UnitTestResult executionId="2ec444c2-85c4-439c-a25b-036be8d26a20" testId="4e93a872-32dc-b627-cd95-4a2792bad3f0" testName="Put" computerName="DESKTOP-5PTD0NC" duration="00:00:00.0005005" startTime="2018-12-02T14:36:07.2053709+02:00" endTime="2018-12-02T14:36:07.2093599+02:00" testType="13cdc9d9-ddb5-4fa4-a97d-d965ccfc6d4b" outcome="Passed" testListId="8c84fa94-04c1-424b-9868-57a2d4851a1d" relativeResultsDirectory="2ec444c2-85c4-439c-a25b-036be8d26a20">
    </UnitTestResult>
  </Results>
</TestRun>